<?xml version="1.0" encoding="UTF-8"?>
<coverage generated="1539835565324" clover="3.2.0">
  <project timestamp="1539835565325" name="All files">
    <metrics statements="25" coveredstatements="25" conditionals="15" coveredconditionals="14" methods="6" coveredmethods="6" elements="46" coveredelements="45" complexity="0" loc="25" ncloc="25" packages="1" files="1" classes="1">
      <file name="MediaQuerySensor.js" path="/home/enmanuel/Projects/MediaQuerySensor/src/MediaQuerySensor.js">
        <metrics statements="25" coveredstatements="25" conditionals="15" coveredconditionals="14" methods="6" coveredmethods="6"/>
        <line num="3" count="1" type="cond" truecount="0" falsecount="1"/>
        <line num="4" count="9" type="stmt"/>
        <line num="5" count="9" type="cond" truecount="2" falsecount="0"/>
        <line num="6" count="1" type="stmt"/>
        <line num="8" count="1" type="stmt"/>
        <line num="11" count="8" type="cond" truecount="4" falsecount="0"/>
        <line num="12" count="2" type="stmt"/>
        <line num="14" count="2" type="stmt"/>
        <line num="17" count="6" type="cond" truecount="4" falsecount="0"/>
        <line num="18" count="2" type="stmt"/>
        <line num="20" count="2" type="stmt"/>
        <line num="23" count="4" type="stmt"/>
        <line num="26" count="9" type="stmt"/>
        <line num="27" count="6" type="cond" truecount="2" falsecount="0"/>
        <line num="28" count="2" type="stmt"/>
        <line num="32" count="9" type="stmt"/>
        <line num="33" count="4" type="stmt"/>
        <line num="34" count="4" type="stmt"/>
        <line num="36" count="4" type="stmt"/>
        <line num="37" count="4" type="stmt"/>
        <line num="40" count="9" type="stmt"/>
        <line num="41" count="9" type="cond" truecount="2" falsecount="0"/>
        <line num="42" count="5" type="stmt"/>
        <line num="45" count="4" type="stmt"/>
        <line num="48" count="9" type="stmt"/>
      </file>
    </metrics>
  </project>
</coverage>
