{"/home/enmanuel/Projects/MediaQuerySensor/src/MediaQuerySensor.js": {"path":"/home/enmanuel/Projects/MediaQuerySensor/src/MediaQuerySensor.js","statementMap":{"0":{"start":{"line":3,"column":25},"end":{"line":49,"column":1}},"1":{"start":{"line":4,"column":30},"end":{"line":24,"column":5}},"2":{"start":{"line":5,"column":8},"end":{"line":9,"column":9}},"3":{"start":{"line":6,"column":12},"end":{"line":6,"column":53}},"4":{"start":{"line":8,"column":12},"end":{"line":8,"column":25}},"5":{"start":{"line":11,"column":8},"end":{"line":15,"column":9}},"6":{"start":{"line":12,"column":12},"end":{"line":12,"column":53}},"7":{"start":{"line":14,"column":12},"end":{"line":14,"column":25}},"8":{"start":{"line":17,"column":8},"end":{"line":21,"column":9}},"9":{"start":{"line":18,"column":12},"end":{"line":18,"column":52}},"10":{"start":{"line":20,"column":12},"end":{"line":20,"column":25}},"11":{"start":{"line":23,"column":8},"end":{"line":23,"column":20}},"12":{"start":{"line":26,"column":32},"end":{"line":30,"column":5}},"13":{"start":{"line":26,"column":46},"end":{"line":30,"column":5}},"14":{"start":{"line":27,"column":8},"end":{"line":29,"column":9}},"15":{"start":{"line":28,"column":12},"end":{"line":28,"column":21}},"16":{"start":{"line":32,"column":30},"end":{"line":38,"column":5}},"17":{"start":{"line":33,"column":27},"end":{"line":33,"column":52}},"18":{"start":{"line":34,"column":30},"end":{"line":34,"column":61}},"19":{"start":{"line":36,"column":8},"end":{"line":36,"column":46}},"20":{"start":{"line":37,"column":8},"end":{"line":37,"column":24}},"21":{"start":{"line":40,"column":18},"end":{"line":46,"column":5}},"22":{"start":{"line":41,"column":8},"end":{"line":43,"column":9}},"23":{"start":{"line":42,"column":12},"end":{"line":42,"column":25}},"24":{"start":{"line":45,"column":8},"end":{"line":45,"column":28}},"25":{"start":{"line":48,"column":4},"end":{"line":48,"column":12}}},"fnMap":{"0":{"name":"(anonymous_0)","decl":{"start":{"line":3,"column":25},"end":{"line":3,"column":26}},"loc":{"start":{"line":3,"column":66},"end":{"line":49,"column":1}},"line":3},"1":{"name":"(anonymous_1)","decl":{"start":{"line":4,"column":30},"end":{"line":4,"column":31}},"loc":{"start":{"line":4,"column":36},"end":{"line":24,"column":5}},"line":4},"2":{"name":"(anonymous_2)","decl":{"start":{"line":26,"column":32},"end":{"line":26,"column":33}},"loc":{"start":{"line":26,"column":46},"end":{"line":30,"column":5}},"line":26},"3":{"name":"(anonymous_3)","decl":{"start":{"line":26,"column":46},"end":{"line":26,"column":47}},"loc":{"start":{"line":26,"column":52},"end":{"line":30,"column":5}},"line":26},"4":{"name":"(anonymous_4)","decl":{"start":{"line":32,"column":30},"end":{"line":32,"column":31}},"loc":{"start":{"line":32,"column":36},"end":{"line":38,"column":5}},"line":32},"5":{"name":"(anonymous_5)","decl":{"start":{"line":40,"column":18},"end":{"line":40,"column":19}},"loc":{"start":{"line":40,"column":24},"end":{"line":46,"column":5}},"line":40}},"branchMap":{"0":{"loc":{"start":{"line":3,"column":45},"end":{"line":3,"column":61}},"type":"default-arg","locations":[{"start":{"line":3,"column":55},"end":{"line":3,"column":61}}],"line":3},"1":{"loc":{"start":{"line":5,"column":8},"end":{"line":9,"column":9}},"type":"if","locations":[{"start":{"line":5,"column":8},"end":{"line":9,"column":9}},{"start":{"line":5,"column":8},"end":{"line":9,"column":9}}],"line":5},"2":{"loc":{"start":{"line":11,"column":8},"end":{"line":15,"column":9}},"type":"if","locations":[{"start":{"line":11,"column":8},"end":{"line":15,"column":9}},{"start":{"line":11,"column":8},"end":{"line":15,"column":9}}],"line":11},"3":{"loc":{"start":{"line":11,"column":12},"end":{"line":11,"column":51}},"type":"binary-expr","locations":[{"start":{"line":11,"column":12},"end":{"line":11,"column":19}},{"start":{"line":11,"column":23},"end":{"line":11,"column":51}}],"line":11},"4":{"loc":{"start":{"line":17,"column":8},"end":{"line":21,"column":9}},"type":"if","locations":[{"start":{"line":17,"column":8},"end":{"line":21,"column":9}},{"start":{"line":17,"column":8},"end":{"line":21,"column":9}}],"line":17},"5":{"loc":{"start":{"line":17,"column":12},"end":{"line":17,"column":47}},"type":"binary-expr","locations":[{"start":{"line":17,"column":12},"end":{"line":17,"column":18}},{"start":{"line":17,"column":22},"end":{"line":17,"column":47}}],"line":17},"6":{"loc":{"start":{"line":27,"column":8},"end":{"line":29,"column":9}},"type":"if","locations":[{"start":{"line":27,"column":8},"end":{"line":29,"column":9}},{"start":{"line":27,"column":8},"end":{"line":29,"column":9}}],"line":27},"7":{"loc":{"start":{"line":41,"column":8},"end":{"line":43,"column":9}},"type":"if","locations":[{"start":{"line":41,"column":8},"end":{"line":43,"column":9}},{"start":{"line":41,"column":8},"end":{"line":43,"column":9}}],"line":41}},"s":{"0":1,"1":9,"2":9,"3":1,"4":1,"5":8,"6":2,"7":2,"8":6,"9":2,"10":2,"11":4,"12":9,"13":4,"14":6,"15":2,"16":9,"17":4,"18":4,"19":4,"20":4,"21":9,"22":9,"23":5,"24":4,"25":9},"f":{"0":9,"1":9,"2":4,"3":6,"4":4,"5":9},"b":{"0":[0],"1":[1,8],"2":[2,6],"3":[8,7],"4":[2,4],"5":[6,5],"6":[2,4],"7":[5,4]},"_coverageSchema":"332fd63041d2c1bcb487cc26dd0d5f7d97098a6c","hash":"e35fd3a26f8cb070edf356836c66ee92cea3345b"}
}
