TN:
SF:/home/enmanuel/Projects/MediaQuerySensor/src/MediaQuerySensor.js
FN:3,(anonymous_0)
FN:4,(anonymous_1)
FN:26,(anonymous_2)
FN:26,(anonymous_3)
FN:32,(anonymous_4)
FN:40,(anonymous_5)
FNF:6
FNH:6
FNDA:9,(anonymous_0)
FNDA:9,(anonymous_1)
FNDA:4,(anonymous_2)
FNDA:6,(anonymous_3)
FNDA:4,(anonymous_4)
FNDA:9,(anonymous_5)
DA:3,1
DA:4,9
DA:5,9
DA:6,1
DA:8,1
DA:11,8
DA:12,2
DA:14,2
DA:17,6
DA:18,2
DA:20,2
DA:23,4
DA:26,9
DA:27,6
DA:28,2
DA:32,9
DA:33,4
DA:34,4
DA:36,4
DA:37,4
DA:40,9
DA:41,9
DA:42,5
DA:45,4
DA:48,9
LF:25
LH:25
BRDA:3,0,0,0
BRDA:5,1,0,1
BRDA:5,1,1,8
BRDA:11,2,0,2
BRDA:11,2,1,6
BRDA:11,3,0,8
BRDA:11,3,1,7
BRDA:17,4,0,2
BRDA:17,4,1,4
BRDA:17,5,0,6
BRDA:17,5,1,5
BRDA:27,6,0,2
BRDA:27,6,1,4
BRDA:41,7,0,5
BRDA:41,7,1,4
BRF:15
BRH:14
end_of_record
